<?xml version="1.0" encoding="UTF-8"?>
<!-- Generated by org.testng.reporters.JUnitXMLReporter -->
<testsuite hostname="XBSXLGTESTS02" ignored="0" name="Default test" tests="3" failures="0" timestamp="20 Sep 2017 08:39:52 GMT" time="0.083" errors="0">
  <testcase name="login" time="0.013" classname="com.library.TestNGAnotations"/>
  <testcase name="verifyHomePage" time="0.004" classname="com.library.TestNGAnotations"/>
  <testcase name="logout" time="0.002" classname="com.library.TestNGAnotations"/>
</testsuite> <!-- Default test -->
