<?xml version="1.0" encoding="UTF-8"?>
<testng-results skipped="0" failed="0" ignored="0" total="3" passed="3">
  <reporter-output>
  </reporter-output>
  <suite name="Default suite" duration-ms="83" started-at="2017-09-20T08:39:52Z" finished-at="2017-09-20T08:39:52Z">
    <groups>
    </groups>
    <test name="Default test" duration-ms="83" started-at="2017-09-20T08:39:52Z" finished-at="2017-09-20T08:39:52Z">
      <class name="com.library.TestNGAnotations">
        <test-method status="PASS" signature="launchBrowser()[pri:0, instance:com.library.TestNGAnotations@5e5792a0]" name="launchBrowser" is-config="true" duration-ms="26" started-at="2017-09-20T01:39:52Z" finished-at="2017-09-20T01:39:52Z">
          <reporter-output>
          </reporter-output>
        </test-method> <!-- launchBrowser -->
        <test-method status="PASS" signature="login()[pri:1, instance:com.library.TestNGAnotations@5e5792a0]" name="login" duration-ms="13" started-at="2017-09-20T01:39:52Z" finished-at="2017-09-20T01:39:52Z">
          <reporter-output>
          </reporter-output>
        </test-method> <!-- login -->
        <test-method status="PASS" signature="verifyHomePage()[pri:2, instance:com.library.TestNGAnotations@5e5792a0]" name="verifyHomePage" duration-ms="4" started-at="2017-09-20T01:39:52Z" finished-at="2017-09-20T01:39:52Z">
          <reporter-output>
          </reporter-output>
        </test-method> <!-- verifyHomePage -->
        <test-method status="PASS" signature="logout()[pri:3, instance:com.library.TestNGAnotations@5e5792a0]" name="logout" duration-ms="2" started-at="2017-09-20T01:39:52Z" finished-at="2017-09-20T01:39:52Z">
          <reporter-output>
          </reporter-output>
        </test-method> <!-- logout -->
        <test-method status="PASS" signature="closeBrowser()[pri:0, instance:com.library.TestNGAnotations@5e5792a0]" name="closeBrowser" is-config="true" duration-ms="0" started-at="2017-09-20T01:39:52Z" finished-at="2017-09-20T01:39:52Z">
          <reporter-output>
          </reporter-output>
        </test-method> <!-- closeBrowser -->
      </class> <!-- com.library.TestNGAnotations -->
    </test> <!-- Default test -->
  </suite> <!-- Default suite -->
</testng-results>
